#
# A fatal error has been detected by the Java Runtime Environment:
#
#  SIGSEGV (0xb) at pc=0x0000000128aeb45f, pid=6266, tid=0x000000000000cd07
#
# JRE version: Java(TM) SE Runtime Environment (8.0_151-b12) (build 1.8.0_151-b12)
# Java VM: Java HotSpot(TM) 64-Bit Server VM (25.151-b12 mixed mode bsd-amd64 compressed oops)
# Problematic frame:
# C  [libawt_lwawt.dylib+0x1c45f]  OGLSD_SetScratchSurface+0x49
#
# Failed to write core dump. Core dumps have been disabled. To enable core dumping, try "ulimit -c unlimited" before starting Java again
#
# If you would like to submit a bug report, please visit:
#   http://bugreport.java.com/bugreport/crash.jsp
# The crash happened outside the Java Virtual Machine in native code.
# See problematic frame for where to report the bug.
#

---------------  T H R E A D  ---------------

Current thread (0x00007f8a2c139000):  JavaThread "Java2D Queue Flusher" daemon [_thread_in_native, id=52487, stack(0x000070000ba2f000,0x000070000bb2f000)]

siginfo: si_signo: 11 (SIGSEGV), si_code: 1 (SEGV_MAPERR), si_addr: 0x0000000000000002

Registers:
RAX=0x00000000ffffffff, RBX=0x0000000000000002, RCX=0x0000000000000047, RDX=0x0000000128b0c258
RSP=0x000070000bb2e730, RBP=0x000070000bb2e750, RSI=0x00007f8a2b45a9c0, RDI=0x00007f8a2c1391f8
R8 =0x00000000000003a6, R9 =0xffffffff00000000, R10=0x0000000112362b38, R11=0x0000000000000202
R12=0x0000000000000000, R13=0x000000011253940c, R14=0x00007f8a2c1391f8, R15=0x00007f8a2c139000
RIP=0x0000000128aeb45f, EFLAGS=0x0000000000010202, ERR=0x0000000000000004
  TRAPNO=0x000000000000000e

Top of Stack: (sp=0x000070000bb2e730)
0x000070000bb2e730:   00007f8a2b45a9c0 0000000000000000
0x000070000bb2e740:   00007f8a2c9d8410 00007f8a2c139000
0x000070000bb2e750:   000070000bb2e7d0 0000000128b0bd36
0x000070000bb2e760:   0000000796e6fe80 000070000bb2e768
0x000070000bb2e770:   0000000125b1ed3d 000070000bb2e7d8
0x000070000bb2e780:   000070000bb2e7a0 0000000000000064
0x000070000bb2e790:   00007f8a2b861aa8 00007f8a2c9d8420
0x000070000bb2e7a0:   00007f8a00139000 00007f8a2c1391f8
0x000070000bb2e7b0:   0000000199876920 0000000000000000
0x000070000bb2e7c0:   000070000bb2e898 00007f8a2c139000
0x000070000bb2e7d0:   000070000bb2e820 0000000112362baa
0x000070000bb2e7e0:   00000007400169d0 0000000110950488
0x000070000bb2e7f0:   0000000000000005 00007f8a2c139000
0x000070000bb2e800:   000000074000c701 00007f8a2b6e04b0
0x000070000bb2e810:   000070000bb2e800 00007f8a2c139000
0x000070000bb2e820:   000070000bb2e9f0 00000001123c02fc
0x000070000bb2e830:   000070000bb2e898 00007f8a2c139000
0x000070000bb2e840:   000070000bb2e890 00000001122cabe8
0x000070000bb2e850:   000000074000c790 000070000bb2e898
0x000070000bb2e860:   0000000125d88cb8 0000000000000000
0x000070000bb2e870:   0000000125d88c48 0000000000000000
0x000070000bb2e880:   00000007400169d0 000070000bb2e9f0
0x000070000bb2e890:   000070000bb2e9f0 0000000112539304
0x000070000bb2e8a0:   0000000000000041 0000000125b18de8
0x000070000bb2e8b0:   0000000000000000 0000000000000000
0x000070000bb2e8c0:   0000000000000000 0000700000000000
0x000070000bb2e8d0:   00000000000000dc 0000000000000000
0x000070000bb2e8e0:   000070000bb2e988 00007f8a2c139000
0x000070000bb2e8f0:   000070000bb2e960 0000000112007b8c
0x000070000bb2e900:   0000000100000001 00000007976101b8
0x000070000bb2e910:   000000074000c790 0000000700000000
0x000070000bb2e920:   000070000bb2e910 0000000112538590 

Instructions: (pc=0x0000000128aeb45f)
0x0000000128aeb43f:   c0 e9 82 00 00 00 48 8b 5e 10 48 85 db 75 0e bf
0x0000000128aeb44f:   01 00 00 00 48 8d 15 67 7b 03 00 eb d6 49 89 fe
0x0000000128aeb45f:   4c 8b 3b 30 c0 e8 21 a6 02 00 49 8b 3f 49 89 c4
0x0000000128aeb46f:   48 8b 35 aa 02 06 00 30 c0 e8 6f a7 02 00 48 85 

Register to memory mapping:

RAX=0x00000000ffffffff is an unknown value
RBX=0x0000000000000002 is an unknown value
RCX=0x0000000000000047 is an unknown value
RDX=0x0000000128b0c258: Java_sun_java2d_opengl_OGLRenderQueue_flushBuffer+0xb5c in /Library/Java/JavaVirtualMachines/jdk1.8.0_151.jdk/Contents/Home/jre/lib/libawt_lwawt.dylib at 0x0000000128acf000
RSP=0x000070000bb2e730 is pointing into the stack for thread: 0x00007f8a2c139000
RBP=0x000070000bb2e750 is pointing into the stack for thread: 0x00007f8a2c139000
RSI=0x00007f8a2b45a9c0 is an unknown value
RDI=0x00007f8a2c1391f8 is an unknown value
R8 =0x00000000000003a6 is an unknown value
R9 =0xffffffff00000000 is an unknown value
R10=0x0000000112362b38 is at entry_point+56 in (nmethod*)0x0000000112362990
R11=0x0000000000000202 is an unknown value
R12=0x0000000000000000 is an unknown value
R13=0x000000011253940c is at entry_point+2764 in (nmethod*)0x0000000112538590
R14=0x00007f8a2c1391f8 is an unknown value
R15=0x00007f8a2c139000 is a thread


Stack: [0x000070000ba2f000,0x000070000bb2f000],  sp=0x000070000bb2e730,  free space=1021k
Native frames: (J=compiled Java code, j=interpreted, Vv=VM code, C=native code)
C  [libawt_lwawt.dylib+0x1c45f]  OGLSD_SetScratchSurface+0x49
C  [libawt_lwawt.dylib+0x3cd36]  Java_sun_java2d_opengl_OGLRenderQueue_flushBuffer+0x63a
J 1059  sun.java2d.opengl.OGLRenderQueue.flushBuffer(JI)V (0 bytes) @ 0x0000000112362baa [0x0000000112362b00+0xaa]
J 1146 C1 sun.java2d.opengl.OGLRenderQueue.flushBuffer()V (41 bytes) @ 0x00000001123c02fc [0x00000001123c00a0+0x25c]
J 1525% C1 sun.java2d.opengl.OGLRenderQueue$QueueFlusher.run()V (234 bytes) @ 0x0000000112539304 [0x0000000112538940+0x9c4]
v  ~StubRoutines::call_stub
V  [libjvm.dylib+0x2ee9aa]  JavaCalls::call_helper(JavaValue*, methodHandle*, JavaCallArguments*, Thread*)+0x6ae
V  [libjvm.dylib+0x2ef14e]  JavaCalls::call_virtual(JavaValue*, KlassHandle, Symbol*, Symbol*, JavaCallArguments*, Thread*)+0x164
V  [libjvm.dylib+0x2ef2fa]  JavaCalls::call_virtual(JavaValue*, Handle, KlassHandle, Symbol*, Symbol*, Thread*)+0x4a
V  [libjvm.dylib+0x349a51]  thread_entry(JavaThread*, Thread*)+0x7c
V  [libjvm.dylib+0x56c173]  JavaThread::thread_main_inner()+0x9b
V  [libjvm.dylib+0x56d860]  JavaThread::run()+0x1c2
V  [libjvm.dylib+0x48bbb2]  java_start(Thread*)+0xf6
C  [libsystem_pthread.dylib+0x333d]  _pthread_body+0x7e
C  [libsystem_pthread.dylib+0x62a7]  _pthread_start+0x46
C  [libsystem_pthread.dylib+0x2425]  thread_start+0xd
C  0x0000000000000000

Java frames: (J=compiled Java code, j=interpreted, Vv=VM code)
J 1059  sun.java2d.opengl.OGLRenderQueue.flushBuffer(JI)V (0 bytes) @ 0x0000000112362b38 [0x0000000112362b00+0x38]
J 1146 C1 sun.java2d.opengl.OGLRenderQueue.flushBuffer()V (41 bytes) @ 0x00000001123c02fc [0x00000001123c00a0+0x25c]
J 1525% C1 sun.java2d.opengl.OGLRenderQueue$QueueFlusher.run()V (234 bytes) @ 0x0000000112539304 [0x0000000112538940+0x9c4]
v  ~StubRoutines::call_stub

---------------  P R O C E S S  ---------------

Java Threads: ( => current thread )
  0x00007f8a2ca61800 JavaThread "TimerQueue" daemon [_thread_blocked, id=78343, stack(0x000070000bc35000,0x000070000bd35000)]
  0x00007f8a2c14b800 JavaThread "Java2D Disposer" daemon [_thread_blocked, id=78607, stack(0x000070000bb32000,0x000070000bc32000)]
=>0x00007f8a2c139000 JavaThread "Java2D Queue Flusher" daemon [_thread_in_native, id=52487, stack(0x000070000ba2f000,0x000070000bb2f000)]
  0x00007f8a2d0e1000 JavaThread "DestroyJavaVM" [_thread_blocked, id=6659, stack(0x000070000a7f3000,0x000070000a8f3000)]
  0x00007f8a2c9bd800 JavaThread "AWT-EventQueue-0" [_thread_blocked, id=51467, stack(0x000070000b92c000,0x000070000ba2c000)]
  0x00007f8a2b998800 JavaThread "AWT-Shutdown" [_thread_blocked, id=25899, stack(0x000070000b6a0000,0x000070000b7a0000)]
  0x00007f8a2c996800 JavaThread "AppKit Thread" daemon [_thread_in_native, id=775, stack(0x00007ffedf7ac000,0x00007ffedffac000)]
  0x00007f8a2d00c800 JavaThread "Service Thread" daemon [_thread_blocked, id=17411, stack(0x000070000b417000,0x000070000b517000)]
  0x00007f8a2c821800 JavaThread "C1 CompilerThread2" daemon [_thread_blocked, id=17923, stack(0x000070000b314000,0x000070000b414000)]
  0x00007f8a2c82c800 JavaThread "C2 CompilerThread1" daemon [_thread_blocked, id=13571, stack(0x000070000b211000,0x000070000b311000)]
  0x00007f8a2c024800 JavaThread "C2 CompilerThread0" daemon [_thread_blocked, id=18435, stack(0x000070000b10e000,0x000070000b20e000)]
  0x00007f8a2d004000 JavaThread "Signal Dispatcher" daemon [_thread_blocked, id=13059, stack(0x000070000b00b000,0x000070000b10b000)]
  0x00007f8a2d000000 JavaThread "Finalizer" daemon [_thread_blocked, id=20483, stack(0x000070000af08000,0x000070000b008000)]
  0x00007f8a2c00e000 JavaThread "Reference Handler" daemon [_thread_blocked, id=20995, stack(0x000070000ae05000,0x000070000af05000)]

Other Threads:
  0x00007f8a2b85c000 VMThread [stack: 0x000070000ad02000,0x000070000ae02000] [id=11779]
  0x00007f8a2b862800 WatcherThread [stack: 0x000070000b51a000,0x000070000b61a000] [id=14083]

VM state:not at safepoint (normal execution)

VM Mutex/Monitor currently owned by a thread: None

Heap:
 PSYoungGen      total 32256K, used 1282K [0x0000000795580000, 0x0000000797a80000, 0x00000007c0000000)
  eden space 31744K, 2% used [0x0000000795580000,0x0000000795640820,0x0000000797480000)
  from space 512K, 100% used [0x0000000797680000,0x0000000797700000,0x0000000797700000)
  to   space 3072K, 0% used [0x0000000797780000,0x0000000797780000,0x0000000797a80000)
 ParOldGen       total 87552K, used 2107K [0x0000000740000000, 0x0000000745580000, 0x0000000795580000)
  object space 87552K, 2% used [0x0000000740000000,0x000000074020ee78,0x0000000745580000)
 Metaspace       used 10405K, capacity 10684K, committed 10880K, reserved 1058816K
  class space    used 1239K, capacity 1328K, committed 1408K, reserved 1048576K

Card table byte_map: [0x0000000111967000,0x0000000111d68000] byte_map_base: 0x000000010df67000

Marking Bits: (ParMarkBitMap*) 0x0000000110ef35d0
 Begin Bits: [0x0000000121292000, 0x0000000123292000)
 End Bits:   [0x0000000123292000, 0x0000000125292000)

Polling page: 0x000000010fcc2000

CodeCache: size=245760Kb used=5550Kb max_used=5561Kb free=240209Kb
 bounds [0x0000000111fe7000, 0x0000000112567000, 0x0000000120fe7000]
 total_blobs=2048 nmethods=1543 adapters=418
 compilation: enabled

Compilation events (10 events):
Event: 8767.367 Thread 0x00007f8a2c024800 1549       4       SpaceGameCourt::paintComponent (51 bytes)
Event: 8767.367 Thread 0x00007f8a2c82c800 1550       4       sun.java2d.pipe.PixelToParallelogramConverter::fill (76 bytes)
Event: 8767.368 Thread 0x00007f8a2c82c800 nmethod 1550 0x000000011251bad0 code [0x000000011251bc40, 0x000000011251bd68]
Event: 8767.370 Thread 0x00007f8a2c82c800 1551       4       Asteroid::draw (29 bytes)
Event: 8767.373 Thread 0x00007f8a2c82c800 nmethod 1551 0x00000001125475d0 code [0x0000000112547760, 0x00000001125479b8]
Event: 8767.373 Thread 0x00007f8a2c82c800 1552       4       sun.java2d.pipe.LoopPipe::fillOval (28 bytes)
Event: 8767.375 Thread 0x00007f8a2c82c800 nmethod 1552 0x0000000112547010 code [0x0000000112547180, 0x0000000112547368]
Event: 8767.385 Thread 0x00007f8a2c024800 nmethod 1549 0x000000011255a890 code [0x000000011255aaa0, 0x000000011255b470]
Event: 8767.452 Thread 0x00007f8a2c821800 1553   !   3       java.lang.ref.ReferenceQueue::enqueue (119 bytes)
Event: 8767.452 Thread 0x00007f8a2c821800 nmethod 1553 0x00000001125464d0 code [0x0000000112546680, 0x0000000112546e08]

GC Heap History (10 events):
Event: 3939.005 GC heap before
{Heap before GC invocations=3 (full 0):
 PSYoungGen      total 38400K, used 35584K [0x0000000795580000, 0x0000000798000000, 0x00000007c0000000)
  eden space 33280K, 100% used [0x0000000795580000,0x0000000797600000,0x0000000797600000)
  from space 5120K, 45% used [0x0000000797b00000,0x0000000797d40000,0x0000000798000000)
  to   space 5120K, 0% used [0x0000000797600000,0x0000000797600000,0x0000000797b00000)
 ParOldGen       total 87552K, used 24K [0x0000000740000000, 0x0000000745580000, 0x0000000795580000)
  object space 87552K, 0% used [0x0000000740000000,0x0000000740006000,0x0000000745580000)
 Metaspace       used 10390K, capacity 10684K, committed 10880K, reserved 1058816K
  class space    used 1239K, capacity 1328K, committed 1408K, reserved 1048576K
Event: 3939.008 GC heap after
Heap after GC invocations=3 (full 0):
 PSYoungGen      total 38400K, used 2208K [0x0000000795580000, 0x0000000798000000, 0x00000007c0000000)
  eden space 33280K, 0% used [0x0000000795580000,0x0000000795580000,0x0000000797600000)
  from space 5120K, 43% used [0x0000000797600000,0x0000000797828000,0x0000000797b00000)
  to   space 5120K, 0% used [0x0000000797b00000,0x0000000797b00000,0x0000000798000000)
 ParOldGen       total 87552K, used 32K [0x0000000740000000, 0x0000000745580000, 0x0000000795580000)
  object space 87552K, 0% used [0x0000000740000000,0x0000000740008000,0x0000000745580000)
 Metaspace       used 10390K, capacity 10684K, committed 10880K, reserved 1058816K
  class space    used 1239K, capacity 1328K, committed 1408K, reserved 1048576K
}
Event: 3940.528 GC heap before
{Heap before GC invocations=4 (full 0):
 PSYoungGen      total 38400K, used 35488K [0x0000000795580000, 0x0000000798000000, 0x00000007c0000000)
  eden space 33280K, 100% used [0x0000000795580000,0x0000000797600000,0x0000000797600000)
  from space 5120K, 43% used [0x0000000797600000,0x0000000797828000,0x0000000797b00000)
  to   space 5120K, 0% used [0x0000000797b00000,0x0000000797b00000,0x0000000798000000)
 ParOldGen       total 87552K, used 32K [0x0000000740000000, 0x0000000745580000, 0x0000000795580000)
  object space 87552K, 0% used [0x0000000740000000,0x0000000740008000,0x0000000745580000)
 Metaspace       used 10392K, capacity 10684K, committed 10880K, reserved 1058816K
  class space    used 1239K, capacity 1328K, committed 1408K, reserved 1048576K
Event: 3940.542 GC heap after
Heap after GC invocations=4 (full 0):
 PSYoungGen      total 38400K, used 2192K [0x0000000795580000, 0x0000000798000000, 0x00000007c0000000)
  eden space 33280K, 0% used [0x0000000795580000,0x0000000795580000,0x0000000797600000)
  from space 5120K, 42% used [0x0000000797b00000,0x0000000797d24010,0x0000000798000000)
  to   space 5120K, 0% used [0x0000000797600000,0x0000000797600000,0x0000000797b00000)
 ParOldGen       total 87552K, used 40K [0x0000000740000000, 0x0000000745580000, 0x0000000795580000)
  object space 87552K, 0% used [0x0000000740000000,0x000000074000a000,0x0000000745580000)
 Metaspace       used 10392K, capacity 10684K, committed 10880K, reserved 1058816K
  class space    used 1239K, capacity 1328K, committed 1408K, reserved 1048576K
}
Event: 5526.991 GC heap before
{Heap before GC invocations=5 (full 0):
 PSYoungGen      total 38400K, used 35472K [0x0000000795580000, 0x0000000798000000, 0x00000007c0000000)
  eden space 33280K, 100% used [0x0000000795580000,0x0000000797600000,0x0000000797600000)
  from space 5120K, 42% used [0x0000000797b00000,0x0000000797d24010,0x0000000798000000)
  to   space 5120K, 0% used [0x0000000797600000,0x0000000797600000,0x0000000797b00000)
 ParOldGen       total 87552K, used 40K [0x0000000740000000, 0x0000000745580000, 0x0000000795580000)
  object space 87552K, 0% used [0x0000000740000000,0x000000074000a000,0x0000000745580000)
 Metaspace       used 10392K, capacity 10684K, committed 10880K, reserved 1058816K
  class space    used 1239K, capacity 1328K, committed 1408K, reserved 1048576K
Event: 5526.997 GC heap after
Heap after GC invocations=5 (full 0):
 PSYoungGen      total 35328K, used 2224K [0x0000000795580000, 0x0000000797b80000, 0x00000007c0000000)
  eden space 32768K, 0% used [0x0000000795580000,0x0000000795580000,0x0000000797580000)
  from space 2560K, 86% used [0x0000000797600000,0x000000079782c010,0x0000000797880000)
  to   space 2560K, 0% used [0x0000000797900000,0x0000000797900000,0x0000000797b80000)
 ParOldGen       total 87552K, used 48K [0x0000000740000000, 0x0000000745580000, 0x0000000795580000)
  object space 87552K, 0% used [0x0000000740000000,0x000000074000c000,0x0000000745580000)
 Metaspace       used 10392K, capacity 10684K, committed 10880K, reserved 1058816K
  class space    used 1239K, capacity 1328K, committed 1408K, reserved 1048576K
}
Event: 7861.784 GC heap before
{Heap before GC invocations=6 (full 0):
 PSYoungGen      total 35328K, used 34992K [0x0000000795580000, 0x0000000797b80000, 0x00000007c0000000)
  eden space 32768K, 100% used [0x0000000795580000,0x0000000797580000,0x0000000797580000)
  from space 2560K, 86% used [0x0000000797600000,0x000000079782c010,0x0000000797880000)
  to   space 2560K, 0% used [0x0000000797900000,0x0000000797900000,0x0000000797b80000)
 ParOldGen       total 87552K, used 48K [0x0000000740000000, 0x0000000745580000, 0x0000000795580000)
  object space 87552K, 0% used [0x0000000740000000,0x000000074000c000,0x0000000745580000)
 Metaspace       used 10394K, capacity 10684K, committed 10880K, reserved 1058816K
  class space    used 1239K, capacity 1328K, committed 1408K, reserved 1048576K
Event: 7861.789 GC heap after
Heap after GC invocations=6 (full 0):
 PSYoungGen      total 34816K, used 2416K [0x0000000795580000, 0x0000000797b80000, 0x00000007c0000000)
  eden space 32256K, 0% used [0x0000000795580000,0x0000000795580000,0x0000000797500000)
  from space 2560K, 94% used [0x0000000797900000,0x0000000797b5c010,0x0000000797b80000)
  to   space 2560K, 0% used [0x0000000797680000,0x0000000797680000,0x0000000797900000)
 ParOldGen       total 87552K, used 48K [0x0000000740000000, 0x0000000745580000, 0x0000000795580000)
  object space 87552K, 0% used [0x0000000740000000,0x000000074000c000,0x0000000745580000)
 Metaspace       used 10394K, capacity 10684K, committed 10880K, reserved 1058816K
  class space    used 1239K, capacity 1328K, committed 1408K, reserved 1048576K
}
Event: 8767.424 GC heap before
{Heap before GC invocations=7 (full 0):
 PSYoungGen      total 34816K, used 34672K [0x0000000795580000, 0x0000000797b80000, 0x00000007c0000000)
  eden space 32256K, 100% used [0x0000000795580000,0x0000000797500000,0x0000000797500000)
  from space 2560K, 94% used [0x0000000797900000,0x0000000797b5c010,0x0000000797b80000)
  to   space 2560K, 0% used [0x0000000797680000,0x0000000797680000,0x0000000797900000)
 ParOldGen       total 87552K, used 48K [0x0000000740000000, 0x0000000745580000, 0x0000000795580000)
  object space 87552K, 0% used [0x0000000740000000,0x000000074000c000,0x0000000745580000)
 Metaspace       used 10404K, capacity 10684K, committed 10880K, reserved 1058816K
  class space    used 1239K, capacity 1328K, committed 1408K, reserved 1048576K
Event: 8767.451 GC heap after
Heap after GC invocations=7 (full 0):
 PSYoungGen      total 32256K, used 512K [0x0000000795580000, 0x0000000797a80000, 0x00000007c0000000)
  eden space 31744K, 0% used [0x0000000795580000,0x0000000795580000,0x0000000797480000)
  from space 512K, 100% used [0x0000000797680000,0x0000000797700000,0x0000000797700000)
  to   space 3072K, 0% used [0x0000000797780000,0x0000000797780000,0x0000000797a80000)
 ParOldGen       total 87552K, used 2107K [0x0000000740000000, 0x0000000745580000, 0x0000000795580000)
  object space 87552K, 2% used [0x0000000740000000,0x000000074020ee78,0x0000000745580000)
 Metaspace       used 10404K, capacity 10684K, committed 10880K, reserved 1058816K
  class space    used 1239K, capacity 1328K, committed 1408K, reserved 1048576K
}

Deoptimization events (10 events):
Event: 3938.887 Thread 0x00007f8a2c9bd800 Uncommon trap: reason=bimorphic action=maybe_recompile pc=0x00000001123f57cc method=sun.java2d.SunGraphics2D.validateColor()V @ 95
Event: 3938.888 Thread 0x00007f8a2c9bd800 Uncommon trap: reason=bimorphic action=maybe_recompile pc=0x00000001123f57cc method=sun.java2d.SunGraphics2D.validateColor()V @ 95
Event: 3938.904 Thread 0x00007f8a2c996800 Uncommon trap: reason=unstable_if action=reinterpret pc=0x000000011248c650 method=java.awt.EventQueue.getPriority(Ljava/awt/AWTEvent;)I @ 71
Event: 3938.905 Thread 0x00007f8a2c9bd800 Uncommon trap: reason=bimorphic action=maybe_recompile pc=0x00000001123f57cc method=sun.java2d.SunGraphics2D.validateColor()V @ 95
Event: 3938.906 Thread 0x00007f8a2c9bd800 Uncommon trap: reason=bimorphic action=maybe_recompile pc=0x00000001123f57cc method=sun.java2d.SunGraphics2D.validateColor()V @ 95
Event: 3938.985 Thread 0x00007f8a2c9bd800 Uncommon trap: reason=unstable_if action=reinterpret pc=0x00000001124cd988 method=sun.java2d.loops.ProcessPath$FillProcessHandler.processFixedLine(IIII[IZZ)V @ 330
Event: 3938.985 Thread 0x00007f8a2c9bd800 Uncommon trap: reason=unstable_if action=reinterpret pc=0x00000001124c0a64 method=sun.java2d.loops.ProcessPath$ActiveEdgeList.sort()V @ 135
Event: 3939.043 Thread 0x00007f8a2c9bd800 Uncommon trap: reason=unstable_if action=reinterpret pc=0x00000001124f0b10 method=sun.java2d.loops.ProcessPath.doProcessPath(Lsun/java2d/loops/ProcessPath$ProcessHandler;Ljava/awt/geom/Path2D$Float;FF)Z @ 162
Event: 8765.534 Thread 0x00007f8a2c9bd800 Uncommon trap: reason=class_check action=maybe_recompile pc=0x0000000112506ba0 method=sun.java2d.SunGraphics2D.fillOval(IIII)V @ 41
Event: 8765.725 Thread 0x00007f8a2c9bd800 Uncommon trap: reason=class_check action=maybe_recompile pc=0x0000000112541350 method=sun.java2d.pipe.LoopPipe.fill(Lsun/java2d/SunGraphics2D;Ljava/awt/Shape;)V @ 128

Internal exceptions (10 events):
Event: 0.085 Thread 0x00007f8a2c807000 Exception <a 'java/security/PrivilegedActionException'> (0x00000007956d3388) thrown at [/Users/java_re/workspace/8-2-build-macosx-x86_64/jdk8u151/9699/hotspot/src/share/vm/prims/jvm.cpp, line 1390]
Event: 0.085 Thread 0x00007f8a2c807000 Exception <a 'java/security/PrivilegedActionException'> (0x00000007956d3598) thrown at [/Users/java_re/workspace/8-2-build-macosx-x86_64/jdk8u151/9699/hotspot/src/share/vm/prims/jvm.cpp, line 1390]
Event: 0.085 Thread 0x00007f8a2c807000 Exception <a 'java/security/PrivilegedActionException'> (0x00000007956d68c8) thrown at [/Users/java_re/workspace/8-2-build-macosx-x86_64/jdk8u151/9699/hotspot/src/share/vm/prims/jvm.cpp, line 1390]
Event: 0.085 Thread 0x00007f8a2c807000 Exception <a 'java/security/PrivilegedActionException'> (0x00000007956d6ad8) thrown at [/Users/java_re/workspace/8-2-build-macosx-x86_64/jdk8u151/9699/hotspot/src/share/vm/prims/jvm.cpp, line 1390]
Event: 0.118 Thread 0x00007f8a2c807000 Exception <a 'java/lang/NoSuchFieldError': method resolution failed> (0x00000007957a3ca8) thrown at [/Users/java_re/workspace/8-2-build-macosx-x86_64/jdk8u151/9699/hotspot/src/share/vm/prims/methodHandles.cpp, line 1146]
Event: 0.120 Thread 0x00007f8a2c807000 Exception <a 'java/lang/NoSuchFieldError': method resolution failed> (0x00000007957b1478) thrown at [/Users/java_re/workspace/8-2-build-macosx-x86_64/jdk8u151/9699/hotspot/src/share/vm/prims/methodHandles.cpp, line 1146]
Event: 0.283 Thread 0x00007f8a2c807000 Exception <a 'java/io/FileNotFoundException'> (0x000000079582c8d8) thrown at [/Users/java_re/workspace/8-2-build-macosx-x86_64/jdk8u151/9699/hotspot/src/share/vm/prims/jni.cpp, line 709]
Event: 0.283 Thread 0x00007f8a2c807000 Exception <a 'java/io/FileNotFoundException'> (0x000000079582d458) thrown at [/Users/java_re/workspace/8-2-build-macosx-x86_64/jdk8u151/9699/hotspot/src/share/vm/prims/jni.cpp, line 709]
Event: 0.318 Thread 0x00007f8a2c9bd800 Exception <a 'java/io/FileNotFoundException'> (0x0000000795978e08) thrown at [/Users/java_re/workspace/8-2-build-macosx-x86_64/jdk8u151/9699/hotspot/src/share/vm/prims/jni.cpp, line 709]
Event: 1407.886 Thread 0x00007f8a2d000000 Exception <a 'java/lang/NullPointerException'> (0x00000007956a4e98) thrown at [/Users/java_re/workspace/8-2-build-macosx-x86_64/jdk8u151/9699/hotspot/src/share/vm/interpreter/linkResolver.cpp, line 1183]

Events (10 events):
Event: 8765.534 Thread 0x00007f8a2c9bd800 Uncommon trap: trap_request=0xffffffde fr.pc=0x0000000112506ba0
Event: 8765.534 Thread 0x00007f8a2c9bd800 DEOPT PACKING pc=0x0000000112506ba0 sp=0x000070000ba28de0
Event: 8765.534 Thread 0x00007f8a2c9bd800 DEOPT UNPACKING pc=0x0000000111fec229 sp=0x000070000ba28dc0 mode 2
Event: 8765.725 Thread 0x00007f8a2c9bd800 Uncommon trap: trap_request=0xffffffde fr.pc=0x0000000112541350
Event: 8765.725 Thread 0x00007f8a2c9bd800 DEOPT PACKING pc=0x0000000112541350 sp=0x000070000ba28c30
Event: 8765.725 Thread 0x00007f8a2c9bd800 DEOPT UNPACKING pc=0x0000000111fec229 sp=0x000070000ba28bd0 mode 2
Event: 8767.367 Thread 0x00007f8a2c9bd800 DEOPT PACKING pc=0x000000011239094d sp=0x000070000ba28e90
Event: 8767.367 Thread 0x00007f8a2c9bd800 DEOPT UNPACKING pc=0x000000011202e633 sp=0x000070000ba28c18 mode 0
Event: 8767.424 Executing VM operation: ParallelGCFailedAllocation
Event: 8767.451 Executing VM operation: ParallelGCFailedAllocation done


Dynamic libraries:
0x0000000000ae1000 	/System/Library/Frameworks/Cocoa.framework/Versions/A/Cocoa
0x0000000000ae1000 	/System/Library/Frameworks/Security.framework/Versions/A/Security
0x0000000000ae1000 	/System/Library/Frameworks/ApplicationServices.framework/Versions/A/ApplicationServices
0x0000000000ae1000 	/usr/lib/libz.1.dylib
0x0000000000ae1000 	/usr/lib/libSystem.B.dylib
0x0000000000ae1000 	/usr/lib/libobjc.A.dylib
0x0000000000ae1000 	/System/Library/Frameworks/CoreFoundation.framework/Versions/A/CoreFoundation
0x0000000000ae1000 	/System/Library/Frameworks/Foundation.framework/Versions/C/Foundation
0x0000000000ae1000 	/System/Library/Frameworks/AppKit.framework/Versions/C/AppKit
0x0000000000ae1000 	/System/Library/Frameworks/CoreData.framework/Versions/A/CoreData
0x0000000000ae1000 	/System/Library/PrivateFrameworks/RemoteViewServices.framework/Versions/A/RemoteViewServices
0x0000000000ae1000 	/System/Library/PrivateFrameworks/UIFoundation.framework/Versions/A/UIFoundation
0x0000000000ae1000 	/System/Library/PrivateFrameworks/XCTTargetBootstrap.framework/Versions/A/XCTTargetBootstrap
0x0000000000ae1000 	/System/Library/PrivateFrameworks/IconServices.framework/Versions/A/IconServices
0x0000000000ae1000 	/System/Library/Frameworks/Metal.framework/Versions/A/Metal
0x0000000000ae1000 	/System/Library/PrivateFrameworks/DesktopServicesPriv.framework/Versions/A/DesktopServicesPriv
0x0000000000ae1000 	/usr/lib/libenergytrace.dylib
0x0000000000ae1000 	/System/Library/PrivateFrameworks/SkyLight.framework/Versions/A/SkyLight
0x0000000000ae1000 	/System/Library/Frameworks/CoreGraphics.framework/Versions/A/CoreGraphics
0x0000000000ae1000 	/System/Library/Frameworks/Accelerate.framework/Versions/A/Accelerate
0x0000000000ae1000 	/System/Library/Frameworks/IOSurface.framework/Versions/A/IOSurface
0x0000000000ae1000 	/System/Library/PrivateFrameworks/DFRFoundation.framework/Versions/A/DFRFoundation
0x0000000000ae1000 	/System/Library/Frameworks/AudioToolbox.framework/Versions/A/AudioToolbox
0x0000000000ae1000 	/System/Library/Frameworks/AudioUnit.framework/Versions/A/AudioUnit
0x0000000000ae1000 	/System/Library/PrivateFrameworks/DataDetectorsCore.framework/Versions/A/DataDetectorsCore
0x0000000000ae1000 	/System/Library/Frameworks/Carbon.framework/Versions/A/Frameworks/HIToolbox.framework/Versions/A/HIToolbox
0x0000000000ae1000 	/usr/lib/libicucore.A.dylib
0x0000000000ae1000 	/System/Library/Frameworks/QuartzCore.framework/Versions/A/QuartzCore
0x0000000000ae1000 	/System/Library/Frameworks/Carbon.framework/Versions/A/Frameworks/SpeechRecognition.framework/Versions/A/SpeechRecognition
0x0000000000ae1000 	/usr/lib/libauto.dylib
0x0000000000ae1000 	/usr/lib/libxml2.2.dylib
0x0000000000ae1000 	/System/Library/PrivateFrameworks/CoreUI.framework/Versions/A/CoreUI
0x0000000000ae1000 	/System/Library/Frameworks/CoreAudio.framework/Versions/A/CoreAudio
0x0000000000ae1000 	/System/Library/Frameworks/DiskArbitration.framework/Versions/A/DiskArbitration
0x0000000000ae1000 	/usr/lib/liblangid.dylib
0x0000000000ae1000 	/System/Library/PrivateFrameworks/MultitouchSupport.framework/Versions/A/MultitouchSupport
0x0000000000ae1000 	/System/Library/Frameworks/IOKit.framework/Versions/A/IOKit
0x0000000000ae1000 	/usr/lib/libDiagnosticMessagesClient.dylib
0x0000000000ae1000 	/System/Library/Frameworks/CoreServices.framework/Versions/A/CoreServices
0x0000000000ae1000 	/System/Library/PrivateFrameworks/PerformanceAnalysis.framework/Versions/A/PerformanceAnalysis
0x0000000000ae1000 	/System/Library/Frameworks/OpenGL.framework/Versions/A/OpenGL
0x0000000000ae1000 	/System/Library/Frameworks/ColorSync.framework/Versions/A/ColorSync
0x0000000000ae1000 	/System/Library/Frameworks/CoreImage.framework/Versions/A/CoreImage
0x0000000000ae1000 	/System/Library/Frameworks/CoreText.framework/Versions/A/CoreText
0x0000000000ae1000 	/System/Library/Frameworks/ImageIO.framework/Versions/A/ImageIO
0x0000000000ae1000 	/System/Library/PrivateFrameworks/Backup.framework/Versions/A/Backup
0x0000000000ae1000 	/usr/lib/libarchive.2.dylib
0x0000000000ae1000 	/System/Library/Frameworks/CFNetwork.framework/Versions/A/CFNetwork
0x0000000000ae1000 	/System/Library/Frameworks/SystemConfiguration.framework/Versions/A/SystemConfiguration
0x0000000000ae1000 	/usr/lib/libCRFSuite.dylib
0x0000000000ae1000 	/usr/lib/libc++.1.dylib
0x0000000000ae1000 	/usr/lib/libc++abi.dylib
0x0000000000ae1000 	/usr/lib/system/libcache.dylib
0x0000000000ae1000 	/usr/lib/system/libcommonCrypto.dylib
0x0000000000ae1000 	/usr/lib/system/libcompiler_rt.dylib
0x0000000000ae1000 	/usr/lib/system/libcopyfile.dylib
0x0000000000ae1000 	/usr/lib/system/libcorecrypto.dylib
0x0000000000ae1000 	/usr/lib/system/libdispatch.dylib
0x0000000000ae1000 	/usr/lib/system/libdyld.dylib
0x0000000000ae1000 	/usr/lib/system/libkeymgr.dylib
0x0000000000ae1000 	/usr/lib/system/liblaunch.dylib
0x0000000000ae1000 	/usr/lib/system/libmacho.dylib
0x0000000000ae1000 	/usr/lib/system/libquarantine.dylib
0x0000000000ae1000 	/usr/lib/system/libremovefile.dylib
0x0000000000ae1000 	/usr/lib/system/libsystem_asl.dylib
0x0000000000ae1000 	/usr/lib/system/libsystem_blocks.dylib
0x0000000000ae1000 	/usr/lib/system/libsystem_c.dylib
0x0000000000ae1000 	/usr/lib/system/libsystem_configuration.dylib
0x0000000000ae1000 	/usr/lib/system/libsystem_coreservices.dylib
0x0000000000ae1000 	/usr/lib/system/libsystem_darwin.dylib
0x0000000000ae1000 	/usr/lib/system/libsystem_dnssd.dylib
0x0000000000ae1000 	/usr/lib/system/libsystem_info.dylib
0x0000000000ae1000 	/usr/lib/system/libsystem_m.dylib
0x0000000000ae1000 	/usr/lib/system/libsystem_malloc.dylib
0x0000000000ae1000 	/usr/lib/system/libsystem_networkextension.dylib
0x0000000000ae1000 	/usr/lib/system/libsystem_notify.dylib
0x0000000000ae1000 	/usr/lib/system/libsystem_sandbox.dylib
0x0000000000ae1000 	/usr/lib/system/libsystem_secinit.dylib
0x0000000000ae1000 	/usr/lib/system/libsystem_kernel.dylib
0x0000000000ae1000 	/usr/lib/system/libsystem_platform.dylib
0x0000000000ae1000 	/usr/lib/system/libsystem_pthread.dylib
0x0000000000ae1000 	/usr/lib/system/libsystem_symptoms.dylib
0x0000000000ae1000 	/usr/lib/system/libsystem_trace.dylib
0x0000000000ae1000 	/usr/lib/system/libunwind.dylib
0x0000000000ae1000 	/usr/lib/system/libxpc.dylib
0x0000000000ae1000 	/usr/lib/libbsm.0.dylib
0x0000000000ae1000 	/usr/lib/system/libkxld.dylib
0x0000000000ae1000 	/System/Library/PrivateFrameworks/AppleFSCompression.framework/Versions/A/AppleFSCompression
0x0000000000ae1000 	/usr/lib/libOpenScriptingUtil.dylib
0x0000000000ae1000 	/usr/lib/libcoretls.dylib
0x0000000000ae1000 	/usr/lib/libcoretls_cfhelpers.dylib
0x0000000000ae1000 	/usr/lib/libpam.2.dylib
0x0000000000ae1000 	/usr/lib/libsqlite3.dylib
0x0000000000ae1000 	/usr/lib/libxar.1.dylib
0x0000000000ae1000 	/usr/lib/libbz2.1.0.dylib
0x0000000000ae1000 	/usr/lib/liblzma.5.dylib
0x0000000000ae1000 	/usr/lib/libnetwork.dylib
0x0000000000ae1000 	/usr/lib/libapple_nghttp2.dylib
0x0000000000ae1000 	/usr/lib/libpcap.A.dylib
0x0000000000ae1000 	/System/Library/Frameworks/CoreServices.framework/Versions/A/Frameworks/FSEvents.framework/Versions/A/FSEvents
0x0000000000ae1000 	/System/Library/Frameworks/CoreServices.framework/Versions/A/Frameworks/CarbonCore.framework/Versions/A/CarbonCore
0x0000000000ae1000 	/System/Library/Frameworks/CoreServices.framework/Versions/A/Frameworks/Metadata.framework/Versions/A/Metadata
0x0000000000ae1000 	/System/Library/Frameworks/CoreServices.framework/Versions/A/Frameworks/OSServices.framework/Versions/A/OSServices
0x0000000000ae1000 	/System/Library/Frameworks/CoreServices.framework/Versions/A/Frameworks/SearchKit.framework/Versions/A/SearchKit
0x0000000000ae1000 	/System/Library/Frameworks/CoreServices.framework/Versions/A/Frameworks/AE.framework/Versions/A/AE
0x0000000000ae1000 	/System/Library/Frameworks/CoreServices.framework/Versions/A/Frameworks/LaunchServices.framework/Versions/A/LaunchServices
0x0000000000ae1000 	/System/Library/Frameworks/CoreServices.framework/Versions/A/Frameworks/DictionaryServices.framework/Versions/A/DictionaryServices
0x0000000000ae1000 	/System/Library/Frameworks/CoreServices.framework/Versions/A/Frameworks/SharedFileList.framework/Versions/A/SharedFileList
0x0000000000ae1000 	/System/Library/Frameworks/NetFS.framework/Versions/A/NetFS
0x0000000000ae1000 	/System/Library/PrivateFrameworks/NetAuth.framework/Versions/A/NetAuth
0x0000000000ae1000 	/System/Library/PrivateFrameworks/login.framework/Versions/A/Frameworks/loginsupport.framework/Versions/A/loginsupport
0x0000000000ae1000 	/System/Library/PrivateFrameworks/TCC.framework/Versions/A/TCC
0x0000000000ae1000 	/System/Library/PrivateFrameworks/CoreNLP.framework/Versions/A/CoreNLP
0x0000000000ae1000 	/System/Library/PrivateFrameworks/MetadataUtilities.framework/Versions/A/MetadataUtilities
0x0000000000ae1000 	/usr/lib/libmecabra.dylib
0x0000000000ae1000 	/System/Library/Frameworks/ApplicationServices.framework/Versions/A/Frameworks/ATS.framework/Versions/A/ATS
0x0000000000ae1000 	/System/Library/Frameworks/ApplicationServices.framework/Versions/A/Frameworks/ColorSyncLegacy.framework/Versions/A/ColorSyncLegacy
0x0000000000ae1000 	/System/Library/Frameworks/ApplicationServices.framework/Versions/A/Frameworks/HIServices.framework/Versions/A/HIServices
0x0000000000ae1000 	/System/Library/Frameworks/ApplicationServices.framework/Versions/A/Frameworks/LangAnalysis.framework/Versions/A/LangAnalysis
0x0000000000ae1000 	/System/Library/Frameworks/ApplicationServices.framework/Versions/A/Frameworks/PrintCore.framework/Versions/A/PrintCore
0x0000000000ae1000 	/System/Library/Frameworks/ApplicationServices.framework/Versions/A/Frameworks/QD.framework/Versions/A/QD
0x0000000000ae1000 	/System/Library/Frameworks/ApplicationServices.framework/Versions/A/Frameworks/SpeechSynthesis.framework/Versions/A/SpeechSynthesis
0x0000000000ae1000 	/usr/lib/libcompression.dylib
0x0000000000ae1000 	/System/Library/Frameworks/CoreDisplay.framework/Versions/A/CoreDisplay
0x0000000000ae1000 	/System/Library/Frameworks/MetalPerformanceShaders.framework/Versions/A/MetalPerformanceShaders
0x0000000000ae1000 	/System/Library/Frameworks/Accelerate.framework/Versions/A/Frameworks/vImage.framework/Versions/A/vImage
0x0000000000ae1000 	/System/Library/Frameworks/Accelerate.framework/Versions/A/Frameworks/vecLib.framework/Versions/A/vecLib
0x0000000000ae1000 	/System/Library/Frameworks/Accelerate.framework/Versions/A/Frameworks/vecLib.framework/Versions/A/libvMisc.dylib
0x0000000000ae1000 	/System/Library/Frameworks/Accelerate.framework/Versions/A/Frameworks/vecLib.framework/Versions/A/libvDSP.dylib
0x0000000000ae1000 	/System/Library/Frameworks/Accelerate.framework/Versions/A/Frameworks/vecLib.framework/Versions/A/libBLAS.dylib
0x0000000000ae1000 	/System/Library/Frameworks/Accelerate.framework/Versions/A/Frameworks/vecLib.framework/Versions/A/libLAPACK.dylib
0x0000000000ae1000 	/System/Library/Frameworks/Accelerate.framework/Versions/A/Frameworks/vecLib.framework/Versions/A/libLinearAlgebra.dylib
0x0000000000ae1000 	/System/Library/Frameworks/Accelerate.framework/Versions/A/Frameworks/vecLib.framework/Versions/A/libSparseBLAS.dylib
0x0000000000ae1000 	/System/Library/Frameworks/Accelerate.framework/Versions/A/Frameworks/vecLib.framework/Versions/A/libQuadrature.dylib
0x0000000000ae1000 	/System/Library/Frameworks/Accelerate.framework/Versions/A/Frameworks/vecLib.framework/Versions/A/libBNNS.dylib
0x0000000000ae1000 	/System/Library/Frameworks/Accelerate.framework/Versions/A/Frameworks/vecLib.framework/Versions/A/libSparse.dylib
0x0000000000ae1000 	/System/Library/PrivateFrameworks/GPUWrangler.framework/Versions/A/GPUWrangler
0x0000000000ae1000 	/System/Library/PrivateFrameworks/IOAccelerator.framework/Versions/A/IOAccelerator
0x0000000000ae1000 	/System/Library/PrivateFrameworks/IOPresentment.framework/Versions/A/IOPresentment
0x0000000000ae1000 	/System/Library/PrivateFrameworks/DSExternalDisplay.framework/Versions/A/DSExternalDisplay
0x0000000000ae1000 	/System/Library/Frameworks/OpenGL.framework/Versions/A/Libraries/libCoreFSCache.dylib
0x0000000000ae1000 	/System/Library/Frameworks/MetalPerformanceShaders.framework/Frameworks/MPSCore.framework/Versions/A/MPSCore
0x0000000000ae1000 	/System/Library/Frameworks/MetalPerformanceShaders.framework/Frameworks/MPSImage.framework/Versions/A/MPSImage
0x0000000000ae1000 	/System/Library/Frameworks/MetalPerformanceShaders.framework/Frameworks/MPSNeuralNetwork.framework/Versions/A/MPSNeuralNetwork
0x0000000000ae1000 	/System/Library/Frameworks/MetalPerformanceShaders.framework/Frameworks/MPSMatrix.framework/Versions/A/MPSMatrix
0x0000000000ae1000 	/System/Library/Frameworks/MetalPerformanceShaders.framework/Frameworks/MPSRayIntersector.framework/Versions/A/MPSRayIntersector
0x0000000000ae1000 	/System/Library/PrivateFrameworks/MetalTools.framework/Versions/A/MetalTools
0x0000000000ae1000 	/System/Library/PrivateFrameworks/AggregateDictionary.framework/Versions/A/AggregateDictionary
0x0000000000ae1000 	/usr/lib/libMobileGestalt.dylib
0x0000000000ae1000 	/System/Library/Frameworks/CoreVideo.framework/Versions/A/CoreVideo
0x0000000000ae1000 	/System/Library/PrivateFrameworks/GraphVisualizer.framework/Versions/A/GraphVisualizer
0x0000000000ae1000 	/System/Library/PrivateFrameworks/FaceCore.framework/Versions/A/FaceCore
0x0000000000ae1000 	/System/Library/Frameworks/OpenCL.framework/Versions/A/OpenCL
0x0000000000ae1000 	/usr/lib/libFosl_dynamic.dylib
0x0000000000ae1000 	/System/Library/PrivateFrameworks/OTSVG.framework/Versions/A/OTSVG
0x0000000000ae1000 	/System/Library/Frameworks/ApplicationServices.framework/Versions/A/Frameworks/ATS.framework/Versions/A/Resources/libFontParser.dylib
0x0000000000ae1000 	/System/Library/Frameworks/ApplicationServices.framework/Versions/A/Frameworks/ATS.framework/Versions/A/Resources/libFontRegistry.dylib
0x0000000000ae1000 	/System/Library/Frameworks/ImageIO.framework/Versions/A/Resources/libJPEG.dylib
0x0000000000ae1000 	/System/Library/Frameworks/ImageIO.framework/Versions/A/Resources/libTIFF.dylib
0x0000000000ae1000 	/System/Library/Frameworks/ImageIO.framework/Versions/A/Resources/libPng.dylib
0x0000000000ae1000 	/System/Library/Frameworks/ImageIO.framework/Versions/A/Resources/libGIF.dylib
0x0000000000ae1000 	/System/Library/Frameworks/ImageIO.framework/Versions/A/Resources/libJP2.dylib
0x0000000000ae1000 	/System/Library/Frameworks/ImageIO.framework/Versions/A/Resources/libRadiance.dylib
0x0000000000ae1000 	/System/Library/PrivateFrameworks/AppleJPEG.framework/Versions/A/AppleJPEG
0x0000000000ae1000 	/System/Library/Frameworks/OpenGL.framework/Versions/A/Libraries/libGFXShared.dylib
0x0000000000ae1000 	/System/Library/Frameworks/OpenGL.framework/Versions/A/Libraries/libGLU.dylib
0x0000000000ae1000 	/System/Library/Frameworks/OpenGL.framework/Versions/A/Libraries/libGL.dylib
0x0000000000ae1000 	/System/Library/Frameworks/OpenGL.framework/Versions/A/Libraries/libGLImage.dylib
0x0000000000ae1000 	/System/Library/Frameworks/OpenGL.framework/Versions/A/Libraries/libCVMSPluginSupport.dylib
0x0000000000ae1000 	/System/Library/Frameworks/OpenGL.framework/Versions/A/Libraries/libCoreVMClient.dylib
0x0000000000ae1000 	/usr/lib/libcups.2.dylib
0x0000000000ae1000 	/System/Library/Frameworks/Kerberos.framework/Versions/A/Kerberos
0x0000000000ae1000 	/System/Library/Frameworks/GSS.framework/Versions/A/GSS
0x0000000000ae1000 	/usr/lib/libresolv.9.dylib
0x0000000000ae1000 	/usr/lib/libiconv.2.dylib
0x0000000000ae1000 	/System/Library/PrivateFrameworks/Heimdal.framework/Versions/A/Heimdal
0x0000000000ae1000 	/usr/lib/libheimdal-asn1.dylib
0x0000000000ae1000 	/System/Library/Frameworks/OpenDirectory.framework/Versions/A/OpenDirectory
0x0000000000ae1000 	/System/Library/PrivateFrameworks/CommonAuth.framework/Versions/A/CommonAuth
0x0000000000ae1000 	/System/Library/Frameworks/OpenDirectory.framework/Versions/A/Frameworks/CFOpenDirectory.framework/Versions/A/CFOpenDirectory
0x0000000000ae1000 	/System/Library/Frameworks/SecurityFoundation.framework/Versions/A/SecurityFoundation
0x0000000000ae1000 	/System/Library/PrivateFrameworks/APFS.framework/Versions/A/APFS
0x0000000000ae1000 	/usr/lib/libutil.dylib
0x0000000000ae1000 	/usr/lib/libcharset.1.dylib
0x0000000000ae1000 	/System/Library/PrivateFrameworks/AppleSauce.framework/Versions/A/AppleSauce
0x0000000000ae1000 	/System/Library/PrivateFrameworks/AssertionServices.framework/Versions/A/AssertionServices
0x0000000000ae1000 	/System/Library/PrivateFrameworks/BaseBoard.framework/Versions/A/BaseBoard
0x0000000000ae1000 	/usr/lib/libmecab.1.0.0.dylib
0x0000000000ae1000 	/usr/lib/libgermantok.dylib
0x0000000000ae1000 	/usr/lib/libThaiTokenizer.dylib
0x0000000000ae1000 	/usr/lib/libChineseTokenizer.dylib
0x0000000000ae1000 	/System/Library/PrivateFrameworks/LanguageModeling.framework/Versions/A/LanguageModeling
0x0000000000ae1000 	/System/Library/PrivateFrameworks/CoreEmoji.framework/Versions/A/CoreEmoji
0x0000000000ae1000 	/System/Library/PrivateFrameworks/Lexicon.framework/Versions/A/Lexicon
0x0000000000ae1000 	/System/Library/PrivateFrameworks/LinguisticData.framework/Versions/A/LinguisticData
0x0000000000ae1000 	/usr/lib/libcmph.dylib
0x0000000000ae1000 	/System/Library/Frameworks/ServiceManagement.framework/Versions/A/ServiceManagement
0x0000000000ae1000 	/System/Library/PrivateFrameworks/BackgroundTaskManagement.framework/Versions/A/BackgroundTaskManagement
0x0000000000ae1000 	/usr/lib/libxslt.1.dylib
0x0000000000ae1000 	/System/Library/Frameworks/Carbon.framework/Versions/A/Frameworks/Ink.framework/Versions/A/Ink
0x0000000000ae1000 	/System/Library/PrivateFrameworks/TextureIO.framework/Versions/A/TextureIO
0x0000000000ae1000 	/usr/lib/libate.dylib
0x0000000000ae1000 	/System/Library/PrivateFrameworks/CrashReporterSupport.framework/Versions/A/CrashReporterSupport
0x0000000000ae1000 	/System/Library/PrivateFrameworks/Sharing.framework/Versions/A/Sharing
0x0000000000ae1000 	/System/Library/PrivateFrameworks/AuthKit.framework/Versions/A/AuthKit
0x0000000000ae1000 	/System/Library/PrivateFrameworks/Apple80211.framework/Versions/A/Apple80211
0x0000000000ae1000 	/System/Library/PrivateFrameworks/CoreUtils.framework/Versions/A/CoreUtils
0x0000000000ae1000 	/System/Library/Frameworks/CoreWLAN.framework/Versions/A/CoreWLAN
0x0000000000ae1000 	/System/Library/Frameworks/IOBluetooth.framework/Versions/A/IOBluetooth
0x0000000000ae1000 	/System/Library/PrivateFrameworks/ProtocolBuffer.framework/Versions/A/ProtocolBuffer
0x0000000000ae1000 	/System/Library/PrivateFrameworks/MobileKeyBag.framework/Versions/A/MobileKeyBag
0x0000000000ae1000 	/System/Library/PrivateFrameworks/CorePhoneNumbers.framework/Versions/A/CorePhoneNumbers
0x0000000000ae1000 	/System/Library/PrivateFrameworks/AppleIDAuthSupport.framework/Versions/A/AppleIDAuthSupport
0x0000000000ae1000 	/System/Library/PrivateFrameworks/KeychainCircle.framework/Versions/A/KeychainCircle
0x0000000000ae1000 	/System/Library/PrivateFrameworks/ROCKit.framework/Versions/A/ROCKit
0x0000000000ae1000 	/System/Library/PrivateFrameworks/CoreWiFi.framework/Versions/A/CoreWiFi
0x0000000000ae1000 	/System/Library/Frameworks/CoreBluetooth.framework/Versions/A/CoreBluetooth
0x0000000000ae1000 	/System/Library/PrivateFrameworks/DebugSymbols.framework/Versions/A/DebugSymbols
0x0000000000ae1000 	/System/Library/PrivateFrameworks/CoreSymbolication.framework/Versions/A/CoreSymbolication
0x0000000000ae1000 	/System/Library/PrivateFrameworks/Symbolication.framework/Versions/A/Symbolication
0x0000000000ae1000 	/System/Library/PrivateFrameworks/SpeechRecognitionCore.framework/Versions/A/SpeechRecognitionCore
0x0000000110600000 	/Library/Java/JavaVirtualMachines/jdk1.8.0_151.jdk/Contents/Home/jre/lib/server/libjvm.dylib
0x0000000000ae1000 	/usr/lib/libstdc++.6.dylib
0x000000010fc7f000 	/Library/Java/JavaVirtualMachines/jdk1.8.0_151.jdk/Contents/Home/jre/lib/libverify.dylib
0x000000010fc8d000 	/Library/Java/JavaVirtualMachines/jdk1.8.0_151.jdk/Contents/Home/jre/lib/libjava.dylib
0x000000010fd0c000 	/Library/Java/JavaVirtualMachines/jdk1.8.0_151.jdk/Contents/Home/jre/lib/libzip.dylib
0x0000000000ae1000 	/System/Library/Frameworks/JavaVM.framework/Versions/A/Frameworks/JavaRuntimeSupport.framework/Versions/A/JavaRuntimeSupport
0x0000000000ae1000 	/System/Library/Frameworks/JavaVM.framework/Versions/A/Frameworks/JavaNativeFoundation.framework/Versions/A/JavaNativeFoundation
0x0000000000ae1000 	/System/Library/Frameworks/JavaVM.framework/Versions/A/JavaVM
0x0000000000ae1000 	/System/Library/Frameworks/Carbon.framework/Versions/A/Carbon
0x0000000000ae1000 	/System/Library/PrivateFrameworks/JavaLaunching.framework/Versions/A/JavaLaunching
0x0000000000ae1000 	/System/Library/Frameworks/Carbon.framework/Versions/A/Frameworks/CommonPanels.framework/Versions/A/CommonPanels
0x0000000000ae1000 	/System/Library/Frameworks/Carbon.framework/Versions/A/Frameworks/Help.framework/Versions/A/Help
0x0000000000ae1000 	/System/Library/Frameworks/Carbon.framework/Versions/A/Frameworks/ImageCapture.framework/Versions/A/ImageCapture
0x0000000000ae1000 	/System/Library/Frameworks/Carbon.framework/Versions/A/Frameworks/OpenScripting.framework/Versions/A/OpenScripting
0x0000000000ae1000 	/System/Library/Frameworks/Carbon.framework/Versions/A/Frameworks/Print.framework/Versions/A/Print
0x0000000000ae1000 	/System/Library/Frameworks/Carbon.framework/Versions/A/Frameworks/SecurityHI.framework/Versions/A/SecurityHI
0x000000012895b000 	/Library/Java/JavaVirtualMachines/jdk1.8.0_151.jdk/Contents/Home/jre/lib/libawt.dylib
0x0000000128a03000 	/Library/Java/JavaVirtualMachines/jdk1.8.0_151.jdk/Contents/Home/jre/lib/./libmlib_image.dylib
0x0000000128acf000 	/Library/Java/JavaVirtualMachines/jdk1.8.0_151.jdk/Contents/Home/jre/lib/libawt_lwawt.dylib
0x0000000111ec7000 	/Library/Java/JavaVirtualMachines/jdk1.8.0_151.jdk/Contents/Home/jre/lib/./libosxapp.dylib
0x0000000000ae1000 	/System/Library/Frameworks/ExceptionHandling.framework/Versions/A/ExceptionHandling
0x0000000000ae1000 	/System/Library/PrivateFrameworks/CoreServicesInternal.framework/Versions/A/CoreServicesInternal
0x0000000000ae1000 	/System/Library/CoreServices/RawCamera.bundle/Contents/MacOS/RawCamera
0x0000000000ae1000 	/System/Library/PrivateFrameworks/MobileAsset.framework/Versions/A/MobileAsset
0x0000000000ae1000 	/System/Library/PrivateFrameworks/StreamingZip.framework/Versions/A/StreamingZip
0x0000000000ae1000 	/System/Library/Frameworks/MediaToolbox.framework/Versions/A/MediaToolbox
0x0000000000ae1000 	/System/Library/PrivateFrameworks/CoreAVCHD.framework/Versions/A/CoreAVCHD
0x0000000000ae1000 	/System/Library/Frameworks/MediaAccessibility.framework/Versions/A/MediaAccessibility
0x0000000000ae1000 	/System/Library/PrivateFrameworks/Mangrove.framework/Versions/A/Mangrove
0x0000000000ae1000 	/System/Library/Frameworks/CoreMedia.framework/Versions/A/CoreMedia
0x0000000000ae1000 	/System/Library/Frameworks/VideoToolbox.framework/Versions/A/VideoToolbox
0x0000000000ae1000 	/System/Library/PrivateFrameworks/CoreAUC.framework/Versions/A/CoreAUC
0x0000000000ae1000 	/usr/lib/libspindump.dylib
0x0000000000ae1000 	/System/Library/PrivateFrameworks/AppleVA.framework/Versions/A/AppleVA
0x0000000000ae1000 	/System/Library/Frameworks/Accelerate.framework/Versions/A/Frameworks/vImage.framework/Versions/A/Libraries/libCGInterfaces.dylib
0x0000000000ae1000 	/System/Library/Frameworks/ApplicationServices.framework/Versions/A/Frameworks/ATS.framework/Versions/A/Resources/libTrueTypeScaler.dylib
0x0000000000ae1000 	/System/Library/Extensions/AppleIntelKBLGraphicsMTLDriver.bundle/Contents/MacOS/AppleIntelKBLGraphicsMTLDriver
0x0000000000ae1000 	/System/Library/PrivateFrameworks/GPUCompiler.framework/Versions/3902/Libraries/libmetal_timestamp.dylib
0x0000000000ae1000 	/System/Library/PrivateFrameworks/FamilyControls.framework/Versions/A/FamilyControls
0x0000000000ae1000 	/System/Library/PrivateFrameworks/CommerceKit.framework/Versions/A/Frameworks/CommerceCore.framework/Versions/A/CommerceCore
0x0000000000ae1000 	/System/Library/PrivateFrameworks/SystemAdministration.framework/Versions/A/SystemAdministration
0x0000000000ae1000 	/System/Library/PrivateFrameworks/AppContainer.framework/Versions/A/AppContainer
0x0000000000ae1000 	/System/Library/PrivateFrameworks/AppSandbox.framework/Versions/A/AppSandbox
0x0000000000ae1000 	/System/Library/PrivateFrameworks/SecCodeWrapper.framework/Versions/A/SecCodeWrapper
0x0000000000ae1000 	/usr/lib/libsandbox.1.dylib
0x0000000000ae1000 	/usr/lib/libMatch.1.dylib
0x0000000000ae1000 	/System/Library/PrivateFrameworks/DiskManagement.framework/Versions/A/DiskManagement
0x0000000000ae1000 	/System/Library/Frameworks/DirectoryService.framework/Versions/A/DirectoryService
0x0000000000ae1000 	/System/Library/PrivateFrameworks/DiskImages.framework/Versions/A/DiskImages
0x0000000000ae1000 	/System/Library/PrivateFrameworks/LoginUIKit.framework/Versions/A/Frameworks/LoginUICore.framework/Versions/A/LoginUICore
0x0000000000ae1000 	/usr/lib/libCoreStorage.dylib
0x0000000000ae1000 	/usr/lib/libcsfde.dylib
0x0000000000ae1000 	/usr/lib/libodfde.dylib
0x0000000000ae1000 	/System/Library/PrivateFrameworks/MediaKit.framework/Versions/A/MediaKit
0x0000000000ae1000 	/System/Library/Frameworks/DiscRecording.framework/Versions/A/DiscRecording
0x0000000000ae1000 	/System/Library/PrivateFrameworks/EFILogin.framework/Versions/A/EFILogin
0x0000000000ae1000 	/System/Library/PrivateFrameworks/ProtectedCloudStorage.framework/Versions/A/ProtectedCloudStorage
0x0000000000ae1000 	/usr/lib/libcurl.4.dylib
0x0000000000ae1000 	/usr/lib/libcrypto.42.dylib
0x0000000000ae1000 	/usr/lib/libssl.44.dylib
0x0000000000ae1000 	/System/Library/Frameworks/LDAP.framework/Versions/A/LDAP
0x0000000000ae1000 	/System/Library/PrivateFrameworks/TrustEvaluationAgent.framework/Versions/A/TrustEvaluationAgent
0x0000000000ae1000 	/usr/lib/libsasl2.2.dylib
0x0000000000ae1000 	/System/Library/PrivateFrameworks/CoreDaemon.framework/Versions/B/CoreDaemon
0x0000000000ae1000 	/System/Library/PrivateFrameworks/AppleSRP.framework/Versions/A/AppleSRP
0x0000000000ae1000 	/System/Library/PrivateFrameworks/ViewBridge.framework/Versions/A/ViewBridge
0x0000000128db0000 	/usr/lib/libobjc-trampolines.dylib
0x000000012b812000 	/Library/Java/JavaVirtualMachines/jdk1.8.0_151.jdk/Contents/Home/jre/lib/libfontmanager.dylib
0x0000000000ae1000 	/System/Library/Frameworks/OpenGL.framework/Versions/A/Resources/GLEngine.bundle/GLEngine
0x0000000000ae1000 	/System/Library/Frameworks/OpenGL.framework/Versions/A/Libraries/libGLProgrammability.dylib
0x0000000000ae1000 	/System/Library/Extensions/AppleIntelKBLGraphicsGLDriver.bundle/Contents/MacOS/AppleIntelKBLGraphicsGLDriver
0x0000000000ae1000 	/System/Library/PrivateFrameworks/GPUSupport.framework/Versions/A/Libraries/libGPUSupportMercury.dylib
0x0000000000ae1000 	/System/Library/Frameworks/OpenGL.framework/Versions/A/Resources/GLRendererFloat.bundle/GLRendererFloat
0x0000000000ae1000 	/System/Library/Frameworks/OpenCL.framework/Versions/A/Libraries/libcldcpuengine.dylib
0x0000000000ae1000 	/usr/lib/libcrypto.35.dylib
0x000000012c118000 	/Library/Java/JavaVirtualMachines/jdk1.8.0_151.jdk/Contents/Home/jre/lib/libosxui.dylib
0x000000012e12e000 	/Library/Java/JavaVirtualMachines/jdk1.8.0_151.jdk/Contents/Home/jre/lib/libnet.dylib
0x000000012e145000 	/Library/Java/JavaVirtualMachines/jdk1.8.0_151.jdk/Contents/Home/jre/lib/libnio.dylib
0x0000000000ae1000 	/System/Library/PrivateFrameworks/login.framework/Versions/A/login

VM Arguments:
jvm_args: -Dfile.encoding=UTF-8 
java_command: Game
java_class_path (initial): /Library/Java/JavaVirtualMachines/jdk1.8.0_151.jdk/Contents/Home/jre/lib/resources.jar:/Library/Java/JavaVirtualMachines/jdk1.8.0_151.jdk/Contents/Home/jre/lib/rt.jar:/Library/Java/JavaVirtualMachines/jdk1.8.0_151.jdk/Contents/Home/jre/lib/jsse.jar:/Library/Java/JavaVirtualMachines/jdk1.8.0_151.jdk/Contents/Home/jre/lib/jce.jar:/Library/Java/JavaVirtualMachines/jdk1.8.0_151.jdk/Contents/Home/jre/lib/charsets.jar:/Library/Java/JavaVirtualMachines/jdk1.8.0_151.jdk/Contents/Home/jre/lib/jfr.jar:/Library/Java/JavaVirtualMachines/jdk1.8.0_151.jdk/Contents/Home/jre/lib/ext/sunec.jar:/Library/Java/JavaVirtualMachines/jdk1.8.0_151.jdk/Contents/Home/jre/lib/ext/nashorn.jar:/Library/Java/JavaVirtualMachines/jdk1.8.0_151.jdk/Contents/Home/jre/lib/ext/cldrdata.jar:/Library/Java/JavaVirtualMachines/jdk1.8.0_151.jdk/Contents/Home/jre/lib/ext/jfxrt.jar:/Library/Java/JavaVirtualMachines/jdk1.8.0_151.jdk/Contents/Home/jre/lib/ext/dnsns.jar:/Library/Java/JavaVirtualMachines/jdk1.8.0_151.jdk/Contents/Home/jre/lib/ext/localedata.jar:/Library/Java/JavaVirtualMachines/jdk1.8.0_151.jdk/Contents/Home/jre/lib/ext/sunjce_provider.jar:/Library/Java/JavaVirtualMachines/jdk1.8.0_151.jdk/Contents/Home/jre/lib/ext/sunpkcs11.jar:/Library/Java/JavaVirtualMachines/jdk1.8.0_151.jdk/Contents/Home/jre/lib/ext/jaccess.jar:/Library/Java/JavaVirtualMachines/jdk1.8.0_151.jdk/Contents/Home/jre/lib/ext/zipfs.jar:/System/Library/Java/Extensions/MRJToolkit.jar:/Users/andyxiao/Documents/java-workspace/SpaceshipAttack/bin:/Users/andyxiao/.p2/pool/plugins/org.junit_4.12.0.v201504281640/junit.jar:/Users/andyxiao/.p2/pool/plugins/org.hamcrest.core_1.3.0.v201303031735.jar
Launcher Type: SUN_STANDARD

Environment Variables:
PATH=/usr/bin:/bin:/usr/sbin:/sbin
SHELL=/bin/bash

Signal Handlers:
SIGSEGV: [libjvm.dylib+0x5b27a5], sa_mask[0]=11111111011111110111111111111111, sa_flags=SA_ONSTACK|SA_RESTART|SA_SIGINFO
SIGBUS: [libjvm.dylib+0x5b27a5], sa_mask[0]=11111111011111110111111111111111, sa_flags=SA_RESTART|SA_SIGINFO
SIGFPE: [libjvm.dylib+0x4891c4], sa_mask[0]=11111111011111110111111111111111, sa_flags=SA_RESTART|SA_SIGINFO
SIGPIPE: [libjvm.dylib+0x4891c4], sa_mask[0]=11111111011111110111111111111111, sa_flags=SA_RESTART|SA_SIGINFO
SIGXFSZ: [libjvm.dylib+0x4891c4], sa_mask[0]=11111111011111110111111111111111, sa_flags=SA_RESTART|SA_SIGINFO
SIGILL: [libjvm.dylib+0x4891c4], sa_mask[0]=11111111011111110111111111111111, sa_flags=SA_RESTART|SA_SIGINFO
SIGUSR1: SIG_DFL, sa_mask[0]=00000000000000000000000000000000, sa_flags=none
SIGUSR2: [libjvm.dylib+0x488ce2], sa_mask[0]=00100000000000000000000000000000, sa_flags=SA_RESTART|SA_SIGINFO
SIGHUP: [libjvm.dylib+0x4872b9], sa_mask[0]=11111111011111110111111111111111, sa_flags=SA_RESTART|SA_SIGINFO
SIGINT: [libjvm.dylib+0x4872b9], sa_mask[0]=11111111011111110111111111111111, sa_flags=SA_RESTART|SA_SIGINFO
SIGTERM: [libjvm.dylib+0x4872b9], sa_mask[0]=11111111011111110111111111111111, sa_flags=SA_RESTART|SA_SIGINFO
SIGQUIT: [libjvm.dylib+0x4872b9], sa_mask[0]=11111111011111110111111111111111, sa_flags=SA_RESTART|SA_SIGINFO


---------------  S Y S T E M  ---------------

OS:Bsduname:Darwin 18.0.0 Darwin Kernel Version 18.0.0: Wed Aug 22 20:13:40 PDT 2018; root:xnu-4903.201.2~1/RELEASE_X86_64 x86_64
rlimit: STACK 8192k, CORE 0k, NPROC 709, NOFILE 10240, AS infinity
load average:15.08 4.62 2.93

CPU:total 4 (initial active 4) (2 cores per cpu, 2 threads per core) family 6 model 142 stepping 9, cmov, cx8, fxsr, mmx, sse, sse2, sse3, ssse3, sse4.1, sse4.2, popcnt, avx, avx2, aes, clmul, erms, 3dnowpref, lzcnt, ht, tsc, tscinvbit, bmi1, bmi2, adx

Memory: 4k page, physical 8388608k(288260k free)

/proc/meminfo:


vm_info: Java HotSpot(TM) 64-Bit Server VM (25.151-b12) for bsd-amd64 JRE (1.8.0_151-b12), built on Sep  5 2017 19:37:08 by "java_re" with gcc 4.2.1 (Based on Apple Inc. build 5658) (LLVM build 2336.11.00)

time: Sat Dec  8 14:14:59 2018
elapsed time: 8767 seconds (0d 2h 26m 7s)

